[ 2016-03-22T21:02:01+08:00 ] ::1 /zqiqi.cn/Public/Home/Mobile/css/common.css.map
INFO: [ app_init ] --START--
INFO: Run Behavior\BuildLiteBehavior [ RunTime:0.000108s ]
INFO: [ app_init ] --END-- [ RunTime:0.001634s ]
ERR: 无法加载模块:Public

[ 2016-03-22T21:02:01+08:00 ] ::1 /zqiqi.cn/Public/Home/Mobile/css/index.css.map
INFO: [ app_init ] --START--
INFO: Run Behavior\BuildLiteBehavior [ RunTime:0.000109s ]
INFO: [ app_init ] --END-- [ RunTime:0.001622s ]
ERR: 无法加载模块:Public

[ 2016-03-22T21:10:35+08:00 ] ::1 /zqiqi.cn/Public/Home/Mobile/css/common.css.map
INFO: [ app_init ] --START--
INFO: Run Behavior\BuildLiteBehavior [ RunTime:0.000412s ]
INFO: [ app_init ] --END-- [ RunTime:0.002525s ]
ERR: 无法加载模块:Public

[ 2016-03-22T21:10:35+08:00 ] ::1 /zqiqi.cn/Public/Home/Mobile/css/index.css.map
INFO: [ app_init ] --START--
INFO: Run Behavior\BuildLiteBehavior [ RunTime:0.000061s ]
INFO: [ app_init ] --END-- [ RunTime:0.001064s ]
ERR: 无法加载模块:Public

[ 2016-03-22T21:11:02+08:00 ] ::1 /zqiqi.cn/Public/Home/Mobile/css/common.css.map
INFO: [ app_init ] --START--
INFO: Run Behavior\BuildLiteBehavior [ RunTime:0.000101s ]
INFO: [ app_init ] --END-- [ RunTime:0.001434s ]
ERR: 无法加载模块:Public

[ 2016-03-22T21:11:02+08:00 ] ::1 /zqiqi.cn/Public/Home/Mobile/css/index.css.map
INFO: [ app_init ] --START--
INFO: Run Behavior\BuildLiteBehavior [ RunTime:0.000185s ]
INFO: [ app_init ] --END-- [ RunTime:0.002016s ]
ERR: 无法加载模块:Public

[ 2016-03-22T21:11:06+08:00 ] ::1 /zqiqi.cn/Public/Home/Mobile/css/index.css.map
INFO: [ app_init ] --START--
INFO: Run Behavior\BuildLiteBehavior [ RunTime:0.000265s ]
INFO: [ app_init ] --END-- [ RunTime:0.001684s ]
ERR: 无法加载模块:Public

[ 2016-03-22T21:11:06+08:00 ] ::1 /zqiqi.cn/Public/Home/Mobile/css/common.css.map
INFO: [ app_init ] --START--
INFO: Run Behavior\BuildLiteBehavior [ RunTime:0.000104s ]
INFO: [ app_init ] --END-- [ RunTime:0.001719s ]
ERR: 无法加载模块:Public

[ 2016-03-22T21:11:38+08:00 ] ::1 /zqiqi.cn/Public/Home/Mobile/css/common.css.map
INFO: [ app_init ] --START--
INFO: Run Behavior\BuildLiteBehavior [ RunTime:0.000110s ]
INFO: [ app_init ] --END-- [ RunTime:0.001476s ]
ERR: 无法加载模块:Public

[ 2016-03-22T21:11:38+08:00 ] ::1 /zqiqi.cn/Public/Home/Mobile/css/index.css.map
INFO: [ app_init ] --START--
INFO: Run Behavior\BuildLiteBehavior [ RunTime:0.000115s ]
INFO: [ app_init ] --END-- [ RunTime:0.001872s ]
ERR: 无法加载模块:Public

[ 2016-03-22T21:12:16+08:00 ] ::1 /zqiqi.cn/Public/Home/Mobile/css/common.css.map
INFO: [ app_init ] --START--
INFO: Run Behavior\BuildLiteBehavior [ RunTime:0.000059s ]
INFO: [ app_init ] --END-- [ RunTime:0.000924s ]
ERR: 无法加载模块:Public

[ 2016-03-22T21:12:16+08:00 ] ::1 /zqiqi.cn/Public/Home/Mobile/css/index.css.map
INFO: [ app_init ] --START--
INFO: Run Behavior\BuildLiteBehavior [ RunTime:0.000065s ]
INFO: [ app_init ] --END-- [ RunTime:0.001079s ]
ERR: 无法加载模块:Public

[ 2016-03-22T21:12:18+08:00 ] ::1 /zqiqi.cn/Public/Home/Mobile/css/index.css.map
INFO: [ app_init ] --START--
INFO: Run Behavior\BuildLiteBehavior [ RunTime:0.000107s ]
INFO: [ app_init ] --END-- [ RunTime:0.001579s ]
ERR: 无法加载模块:Public

[ 2016-03-22T21:12:18+08:00 ] ::1 /zqiqi.cn/Public/Home/Mobile/css/common.css.map
INFO: [ app_init ] --START--
INFO: Run Behavior\BuildLiteBehavior [ RunTime:0.000111s ]
INFO: [ app_init ] --END-- [ RunTime:0.001567s ]
ERR: 无法加载模块:Public

[ 2016-03-22T21:12:20+08:00 ] ::1 /zqiqi.cn/Public/Home/Mobile/css/index.css.map
INFO: [ app_init ] --START--
INFO: Run Behavior\BuildLiteBehavior [ RunTime:0.000127s ]
INFO: [ app_init ] --END-- [ RunTime:0.001505s ]
ERR: 无法加载模块:Public

[ 2016-03-22T21:12:20+08:00 ] ::1 /zqiqi.cn/Public/Home/Mobile/css/common.css.map
INFO: [ app_init ] --START--
INFO: Run Behavior\BuildLiteBehavior [ RunTime:0.000103s ]
INFO: [ app_init ] --END-- [ RunTime:0.001578s ]
ERR: 无法加载模块:Public

[ 2016-03-22T21:12:22+08:00 ] ::1 /zqiqi.cn/Public/Home/Mobile/css/common.css.map
INFO: [ app_init ] --START--
INFO: Run Behavior\BuildLiteBehavior [ RunTime:0.000142s ]
INFO: [ app_init ] --END-- [ RunTime:0.001717s ]
ERR: 无法加载模块:Public

[ 2016-03-22T21:12:22+08:00 ] ::1 /zqiqi.cn/Public/Home/Mobile/css/index.css.map
INFO: [ app_init ] --START--
INFO: Run Behavior\BuildLiteBehavior [ RunTime:0.000144s ]
INFO: [ app_init ] --END-- [ RunTime:0.002786s ]
ERR: 无法加载模块:Public

[ 2016-03-22T21:12:23+08:00 ] ::1 /zqiqi.cn/Public/Home/Mobile/css/index.css.map
INFO: [ app_init ] --START--
INFO: Run Behavior\BuildLiteBehavior [ RunTime:0.000115s ]
INFO: [ app_init ] --END-- [ RunTime:0.001809s ]
ERR: 无法加载模块:Public

[ 2016-03-22T21:12:23+08:00 ] ::1 /zqiqi.cn/Public/Home/Mobile/css/common.css.map
INFO: [ app_init ] --START--
INFO: Run Behavior\BuildLiteBehavior [ RunTime:0.000106s ]
INFO: [ app_init ] --END-- [ RunTime:0.001827s ]
ERR: 无法加载模块:Public

[ 2016-03-22T21:12:25+08:00 ] ::1 /zqiqi.cn/Public/Home/Mobile/css/common.css.map
INFO: [ app_init ] --START--
INFO: Run Behavior\BuildLiteBehavior [ RunTime:0.000120s ]
INFO: [ app_init ] --END-- [ RunTime:0.001616s ]
ERR: 无法加载模块:Public

[ 2016-03-22T21:12:25+08:00 ] ::1 /zqiqi.cn/Public/Home/Mobile/css/index.css.map
INFO: [ app_init ] --START--
INFO: Run Behavior\BuildLiteBehavior [ RunTime:0.000106s ]
INFO: [ app_init ] --END-- [ RunTime:0.001574s ]
ERR: 无法加载模块:Public

[ 2016-03-22T21:50:35+08:00 ] ::1 /zqiqi.cn/Public/Admin/Flat/docs/assets/css/demo.css
INFO: [ app_init ] --START--
INFO: Run Behavior\BuildLiteBehavior [ RunTime:0.000059s ]
INFO: [ app_init ] --END-- [ RunTime:0.000933s ]
ERR: 无法加载模块:Public

[ 2016-03-22T21:51:21+08:00 ] ::1 /zqiqi.cn/Public/Admin/Flat/docs/assets/css/demo.css
INFO: [ app_init ] --START--
INFO: Run Behavior\BuildLiteBehavior [ RunTime:0.000061s ]
INFO: [ app_init ] --END-- [ RunTime:0.000907s ]
ERR: 无法加载模块:Public

[ 2016-03-22T21:51:25+08:00 ] ::1 /zqiqi.cn/Public/Admin/Flat/docs/assets/css/demo.css
INFO: [ app_init ] --START--
INFO: Run Behavior\BuildLiteBehavior [ RunTime:0.000059s ]
INFO: [ app_init ] --END-- [ RunTime:0.000919s ]
ERR: 无法加载模块:Public

[ 2016-03-22T21:58:54+08:00 ] ::1 /zqiqi.cn/Public/Admin/Flat/docs/assets/css/demo.css
INFO: [ app_init ] --START--
INFO: Run Behavior\BuildLiteBehavior [ RunTime:0.000140s ]
INFO: [ app_init ] --END-- [ RunTime:0.001614s ]
ERR: 无法加载模块:Public

[ 2016-03-22T21:59:26+08:00 ] ::1 /zqiqi.cn/Public/Admin/Flat/docs/assets/css/demo.css
INFO: [ app_init ] --START--
INFO: Run Behavior\BuildLiteBehavior [ RunTime:0.000104s ]
INFO: [ app_init ] --END-- [ RunTime:0.001526s ]
ERR: 无法加载模块:Public

[ 2016-03-22T21:59:31+08:00 ] ::1 /zqiqi.cn/Public/Admin/Flat/docs/assets/css/demo.css
INFO: [ app_init ] --START--
INFO: Run Behavior\BuildLiteBehavior [ RunTime:0.000128s ]
INFO: [ app_init ] --END-- [ RunTime:0.002351s ]
ERR: 无法加载模块:Public

[ 2016-03-22T22:00:53+08:00 ] ::1 /zqiqi.cn/Public/Admin/Flat/docs/assets/css/demo.css
INFO: [ app_init ] --START--
INFO: Run Behavior\BuildLiteBehavior [ RunTime:0.000068s ]
INFO: [ app_init ] --END-- [ RunTime:0.001118s ]
ERR: 无法加载模块:Public

[ 2016-03-22T22:03:42+08:00 ] ::1 /zqiqi.cn/Public/Admin/Flat/docs/assets/css/demo.css
INFO: [ app_init ] --START--
INFO: Run Behavior\BuildLiteBehavior [ RunTime:0.000113s ]
INFO: [ app_init ] --END-- [ RunTime:0.001794s ]
ERR: 无法加载模块:Public

[ 2016-03-22T22:03:48+08:00 ] ::1 /zqiqi.cn/Public/Admin/Flat/docs/assets/css/demo.css
INFO: [ app_init ] --START--
INFO: Run Behavior\BuildLiteBehavior [ RunTime:0.000061s ]
INFO: [ app_init ] --END-- [ RunTime:0.000959s ]
ERR: 无法加载模块:Public

[ 2016-03-22T22:04:27+08:00 ] ::1 /zqiqi.cn/Public/Admin/Flat/docs/assets/css/demo.css
INFO: [ app_init ] --START--
INFO: Run Behavior\BuildLiteBehavior [ RunTime:0.000147s ]
INFO: [ app_init ] --END-- [ RunTime:0.001641s ]
ERR: 无法加载模块:Public

[ 2016-03-22T22:04:34+08:00 ] ::1 /zqiqi.cn/Public/Admin/Flat/docs/assets/css/demo.css
INFO: [ app_init ] --START--
INFO: Run Behavior\BuildLiteBehavior [ RunTime:0.000126s ]
INFO: [ app_init ] --END-- [ RunTime:0.002361s ]
ERR: 无法加载模块:Public

[ 2016-03-22T22:06:39+08:00 ] ::1 /zqiqi.cn/Public/Admin/Flat/docs/assets/css/demo.css
INFO: [ app_init ] --START--
INFO: Run Behavior\BuildLiteBehavior [ RunTime:0.000108s ]
INFO: [ app_init ] --END-- [ RunTime:0.001799s ]
ERR: 无法加载模块:Public

[ 2016-03-22T22:07:12+08:00 ] ::1 /zqiqi.cn/Public/Admin/Flat/docs/assets/css/demo.css
INFO: [ app_init ] --START--
INFO: Run Behavior\BuildLiteBehavior [ RunTime:0.000134s ]
INFO: [ app_init ] --END-- [ RunTime:0.001418s ]
ERR: 无法加载模块:Public

[ 2016-03-22T22:07:17+08:00 ] ::1 /zqiqi.cn/Public/Admin/Flat/docs/assets/css/demo.css
INFO: [ app_init ] --START--
INFO: Run Behavior\BuildLiteBehavior [ RunTime:0.000116s ]
INFO: [ app_init ] --END-- [ RunTime:0.001472s ]
ERR: 无法加载模块:Public

[ 2016-03-22T22:08:39+08:00 ] ::1 /zqiqi.cn/Public/Admin/Flat/docs/assets/css/demo.css
INFO: [ app_init ] --START--
INFO: Run Behavior\BuildLiteBehavior [ RunTime:0.000063s ]
INFO: [ app_init ] --END-- [ RunTime:0.001256s ]
ERR: 无法加载模块:Public

[ 2016-03-22T22:08:42+08:00 ] ::1 /zqiqi.cn/Public/Admin/Flat/docs/assets/css/demo.css
INFO: [ app_init ] --START--
INFO: Run Behavior\BuildLiteBehavior [ RunTime:0.000126s ]
INFO: [ app_init ] --END-- [ RunTime:0.001764s ]
ERR: 无法加载模块:Public

[ 2016-03-22T22:08:47+08:00 ] ::1 /zqiqi.cn/Public/Admin/Flat/docs/assets/css/demo.css
INFO: [ app_init ] --START--
INFO: Run Behavior\BuildLiteBehavior [ RunTime:0.000060s ]
INFO: [ app_init ] --END-- [ RunTime:0.001001s ]
ERR: 无法加载模块:Public

[ 2016-03-22T22:09:02+08:00 ] ::1 /zqiqi.cn/Public/Admin/Flat/docs/assets/css/demo.css
INFO: [ app_init ] --START--
INFO: Run Behavior\BuildLiteBehavior [ RunTime:0.000123s ]
INFO: [ app_init ] --END-- [ RunTime:0.001740s ]
ERR: 无法加载模块:Public

[ 2016-03-22T22:09:18+08:00 ] ::1 /zqiqi.cn/Public/Admin/Flat/docs/assets/css/demo.css
INFO: [ app_init ] --START--
INFO: Run Behavior\BuildLiteBehavior [ RunTime:0.000103s ]
INFO: [ app_init ] --END-- [ RunTime:0.001832s ]
ERR: 无法加载模块:Public

[ 2016-03-22T22:09:22+08:00 ] ::1 /zqiqi.cn/Public/Admin/Flat/docs/assets/css/demo.css
INFO: [ app_init ] --START--
INFO: Run Behavior\BuildLiteBehavior [ RunTime:0.000107s ]
INFO: [ app_init ] --END-- [ RunTime:0.001473s ]
ERR: 无法加载模块:Public

[ 2016-03-22T22:09:24+08:00 ] ::1 /zqiqi.cn/Public/Admin/Flat/docs/assets/css/demo.css
INFO: [ app_init ] --START--
INFO: Run Behavior\BuildLiteBehavior [ RunTime:0.000159s ]
INFO: [ app_init ] --END-- [ RunTime:0.001931s ]
ERR: 无法加载模块:Public

[ 2016-03-22T22:10:50+08:00 ] ::1 /zqiqi.cn/Public/Admin/Flat/docs/assets/css/demo.css
INFO: [ app_init ] --START--
INFO: Run Behavior\BuildLiteBehavior [ RunTime:0.000119s ]
INFO: [ app_init ] --END-- [ RunTime:0.001744s ]
ERR: 无法加载模块:Public

[ 2016-03-22T22:10:53+08:00 ] ::1 /zqiqi.cn/Public/Admin/Flat/docs/assets/css/demo.css
INFO: [ app_init ] --START--
INFO: Run Behavior\BuildLiteBehavior [ RunTime:0.000102s ]
INFO: [ app_init ] --END-- [ RunTime:0.001613s ]
ERR: 无法加载模块:Public

[ 2016-03-22T22:10:55+08:00 ] ::1 /zqiqi.cn/Public/Admin/Flat/docs/assets/css/demo.css
INFO: [ app_init ] --START--
INFO: Run Behavior\BuildLiteBehavior [ RunTime:0.000108s ]
INFO: [ app_init ] --END-- [ RunTime:0.001219s ]
ERR: 无法加载模块:Public

[ 2016-03-22T22:11:12+08:00 ] ::1 /zqiqi.cn/Public/Admin/Flat/docs/assets/css/demo.css
INFO: [ app_init ] --START--
INFO: Run Behavior\BuildLiteBehavior [ RunTime:0.000101s ]
INFO: [ app_init ] --END-- [ RunTime:0.001429s ]
ERR: 无法加载模块:Public

[ 2016-03-22T22:11:23+08:00 ] ::1 /zqiqi.cn/Public/Admin/Flat/docs/assets/css/demo.css
INFO: [ app_init ] --START--
INFO: Run Behavior\BuildLiteBehavior [ RunTime:0.000112s ]
INFO: [ app_init ] --END-- [ RunTime:0.001663s ]
ERR: 无法加载模块:Public

[ 2016-03-22T22:11:35+08:00 ] ::1 /zqiqi.cn/Public/Admin/Flat/docs/assets/css/demo.css
INFO: [ app_init ] --START--
INFO: Run Behavior\BuildLiteBehavior [ RunTime:0.000163s ]
INFO: [ app_init ] --END-- [ RunTime:0.001958s ]
ERR: 无法加载模块:Public

[ 2016-03-22T22:11:37+08:00 ] ::1 /zqiqi.cn/Public/Admin/Flat/docs/assets/css/demo.css
INFO: [ app_init ] --START--
INFO: Run Behavior\BuildLiteBehavior [ RunTime:0.000146s ]
INFO: [ app_init ] --END-- [ RunTime:0.001883s ]
ERR: 无法加载模块:Public

[ 2016-03-22T22:12:03+08:00 ] ::1 /zqiqi.cn/Public/Admin/Flat/docs/assets/css/demo.css
INFO: [ app_init ] --START--
INFO: Run Behavior\BuildLiteBehavior [ RunTime:0.000123s ]
INFO: [ app_init ] --END-- [ RunTime:0.001655s ]
ERR: 无法加载模块:Public

[ 2016-03-22T22:12:05+08:00 ] ::1 /zqiqi.cn/Public/Admin/Flat/docs/assets/css/demo.css
INFO: [ app_init ] --START--
INFO: Run Behavior\BuildLiteBehavior [ RunTime:0.000135s ]
INFO: [ app_init ] --END-- [ RunTime:0.002009s ]
ERR: 无法加载模块:Public

[ 2016-03-22T22:12:11+08:00 ] ::1 /zqiqi.cn/Public/Admin/Flat/docs/assets/css/demo.css
INFO: [ app_init ] --START--
INFO: Run Behavior\BuildLiteBehavior [ RunTime:0.000114s ]
INFO: [ app_init ] --END-- [ RunTime:0.001631s ]
ERR: 无法加载模块:Public

[ 2016-03-22T22:12:57+08:00 ] ::1 /zqiqi.cn/Public/Admin/Flat/docs/assets/css/demo.css
INFO: [ app_init ] --START--
INFO: Run Behavior\BuildLiteBehavior [ RunTime:0.000999s ]
INFO: [ app_init ] --END-- [ RunTime:0.003244s ]
ERR: 无法加载模块:Public

[ 2016-03-22T22:13:04+08:00 ] ::1 /zqiqi.cn/Public/Admin/Flat/docs/assets/css/demo.css
INFO: [ app_init ] --START--
INFO: Run Behavior\BuildLiteBehavior [ RunTime:0.000119s ]
INFO: [ app_init ] --END-- [ RunTime:0.005572s ]
ERR: 无法加载模块:Public

[ 2016-03-22T22:20:50+08:00 ] ::1 /zqiqi.cn/Public/Admin/Flat/docs/assets/css/demo.css
INFO: [ app_init ] --START--
INFO: Run Behavior\BuildLiteBehavior [ RunTime:0.000125s ]
INFO: [ app_init ] --END-- [ RunTime:0.001982s ]
ERR: 无法加载模块:Public

[ 2016-03-22T22:21:00+08:00 ] ::1 /zqiqi.cn/Public/Admin/Flat/docs/assets/css/demo.css
INFO: [ app_init ] --START--
INFO: Run Behavior\BuildLiteBehavior [ RunTime:0.000064s ]
INFO: [ app_init ] --END-- [ RunTime:0.001400s ]
ERR: 无法加载模块:Public

[ 2016-03-22T23:03:03+08:00 ] ::1 /zqiqi.cn/Public/Admin/Flat/docs/assets/css/demo.css
INFO: [ app_init ] --START--
INFO: Run Behavior\BuildLiteBehavior [ RunTime:0.000114s ]
INFO: [ app_init ] --END-- [ RunTime:0.001628s ]
ERR: 无法加载模块:Public

[ 2016-03-22T23:03:07+08:00 ] ::1 /zqiqi.cn/Public/Admin/Flat/docs/assets/css/demo.css
INFO: [ app_init ] --START--
INFO: Run Behavior\BuildLiteBehavior [ RunTime:0.000139s ]
INFO: [ app_init ] --END-- [ RunTime:0.001778s ]
ERR: 无法加载模块:Public

[ 2016-03-22T23:03:09+08:00 ] ::1 /zqiqi.cn/Public/Admin/Flat/docs/assets/css/demo.css
INFO: [ app_init ] --START--
INFO: Run Behavior\BuildLiteBehavior [ RunTime:0.000120s ]
INFO: [ app_init ] --END-- [ RunTime:0.001612s ]
ERR: 无法加载模块:Public

[ 2016-03-22T23:03:23+08:00 ] ::1 /zqiqi.cn/Public/Admin/Flat/docs/assets/css/demo.css
INFO: [ app_init ] --START--
INFO: Run Behavior\BuildLiteBehavior [ RunTime:0.000124s ]
INFO: [ app_init ] --END-- [ RunTime:0.001726s ]
ERR: 无法加载模块:Public

